<?xml version="1.0" encoding="UTF-8"?>
<!-- Generated by org.testng.reporters.JUnitXMLReporter -->
<testsuite ignored="0" hostname="DESKTOP-5U4E5L3" failures="0" tests="3" name="Default test" time="75.151" errors="0" timestamp="2024-06-09T02:49:04 IST">
  <testcase classname="RahulShettyAcademy.Tests.SubmitOrderTest" name="submitOrder" time="5.988"/>
  <testcase classname="RahulShettyAcademy.Tests.SubmitOrderTest" name="submitOrder" time="7.567"/>
  <testcase classname="RahulShettyAcademy.Tests.SubmitOrderTest" name="orderHistory" time="1.763"/>
</testsuite> <!-- Default test -->
