<?xml version="1.0" encoding="UTF-8"?>
<!-- Generated by org.testng.reporters.JUnitXMLReporter -->
<testsuite ignored="0" hostname="DESKTOP-5U4E5L3" failures="2" tests="6" name="ErrorValidation Test" time="80.374" errors="0" timestamp="2024-03-31T10:39:11 IST">
  <testcase classname="RahulShettyAcademy.Tests.ErrorValidationTest" name="LogInErrorValidation" time="1.786">
    <skipped/>
  </testcase> <!-- LogInErrorValidation -->
  <testcase classname="RahulShettyAcademy.Tests.ErrorValidationTest" name="LogInErrorValidation" time="1.839">
    <skipped/>
  </testcase> <!-- LogInErrorValidation -->
  <testcase classname="RahulShettyAcademy.Tests.ErrorValidationTest" name="LogInErrorValidation" time="1.884">
    <failure type="java.lang.AssertionError" message="expected [Incorrect email or password.] but found [Incorrect email  password.]">
      <![CDATA[java.lang.AssertionError: expected [Incorrect email or password.] but found [Incorrect email  password.]
at RahulShettyAcademy.Tests.ErrorValidationTest.LogInErrorValidation(ErrorValidationTest.java:19)
at java.base/java.util.ArrayList.forEach(ArrayList.java:1541)
at java.base/java.util.concurrent.FutureTask.run(FutureTask.java:264)
at java.base/java.util.concurrent.ThreadPoolExecutor.runWorker(ThreadPoolExecutor.java:1128)
at java.base/java.util.concurrent.ThreadPoolExecutor$Worker.run(ThreadPoolExecutor.java:628)
at java.base/java.lang.Thread.run(Thread.java:834)
... Removed 23 stack frames]]>
    </failure>
  </testcase> <!-- LogInErrorValidation -->
  <testcase classname="RahulShettyAcademy.Tests.ErrorValidationTest" name="productErrorValidation" time="0.898">
    <skipped/>
  </testcase> <!-- productErrorValidation -->
  <testcase classname="RahulShettyAcademy.Tests.ErrorValidationTest" name="productErrorValidation" time="0.979">
    <skipped/>
  </testcase> <!-- productErrorValidation -->
  <testcase classname="RahulShettyAcademy.Tests.ErrorValidationTest" name="productErrorValidation" time="1.024">
    <failure type="java.lang.NullPointerException">
      <![CDATA[java.lang.NullPointerException
at RahulShettyAcademy.pageobjects.productCataloguePage.addProductTocart(productCataloguePage.java:49)
at RahulShettyAcademy.Tests.ErrorValidationTest.productErrorValidation(ErrorValidationTest.java:30)
at java.base/java.util.ArrayList.forEach(ArrayList.java:1541)
at java.base/java.util.concurrent.FutureTask.run(FutureTask.java:264)
at java.base/java.util.concurrent.ThreadPoolExecutor.runWorker(ThreadPoolExecutor.java:1128)
at java.base/java.util.concurrent.ThreadPoolExecutor$Worker.run(ThreadPoolExecutor.java:628)
at java.base/java.lang.Thread.run(Thread.java:834)
... Removed 17 stack frames]]>
    </failure>
  </testcase> <!-- productErrorValidation -->
</testsuite> <!-- ErrorValidation Test -->
