<?xml version="1.0" encoding="UTF-8"?>
<!-- Generated by org.testng.reporters.JUnitXMLReporter -->
<testsuite ignored="0" hostname="DESKTOP-5U4E5L3" failures="0" tests="3" name="SubmitOrder Test" time="50.467" errors="0" timestamp="2024-07-07T01:31:13 IST">
  <testcase classname="RahulShettyAcademy.Tests.SubmitOrderTest" name="submitOrder" time="8.824"/>
  <testcase classname="RahulShettyAcademy.Tests.SubmitOrderTest" name="submitOrder" time="4.716"/>
  <testcase classname="RahulShettyAcademy.Tests.SubmitOrderTest" name="orderHistory" time="1.588"/>
</testsuite> <!-- SubmitOrder Test -->
