<?xml version="1.0" encoding="UTF-8"?>
<testng-results skipped="0" failed="0" ignored="0" total="1" passed="1">
  <reporter-output>
  </reporter-output>
  <suite name="Default suite" duration-ms="19633" started-at="2024-03-01T04:44:30Z" finished-at="2024-03-01T04:44:50Z">
    <groups>
    </groups>
    <test name="Default test" duration-ms="19633" started-at="2024-03-01T04:44:30Z" finished-at="2024-03-01T04:44:50Z">
      <class name="RahulShettyAcademy.Tests.SubmitOrderTest">
        <test-method status="PASS" signature="submitOrder()[pri:0, instance:RahulShettyAcademy.Tests.SubmitOrderTest@4c9f8c13]" name="submitOrder" duration-ms="19602" started-at="2024-03-01T04:44:30Z" finished-at="2024-03-01T04:44:50Z">
          <reporter-output>
          </reporter-output>
        </test-method> <!-- submitOrder -->
      </class> <!-- RahulShettyAcademy.Tests.SubmitOrderTest -->
    </test> <!-- Default test -->
  </suite> <!-- Default suite -->
</testng-results>
