<?xml version="1.0" encoding="UTF-8"?>
<testng-results ignored="3" total="5" passed="2" failed="0" skipped="0">
  <reporter-output>
  </reporter-output>
  <suite started-at="2024-03-23T23:38:10 IST" name="Suite" finished-at="2024-03-23T23:38:40 IST" duration-ms="30584">
    <groups>
      <group name="purchase">
        <method signature="SubmitOrderTest.submitOrder(java.util.HashMap)[pri:0, instance:RahulShettyAcademy.Tests.SubmitOrderTest@2f67a4d3]" name="submitOrder" class="RahulShettyAcademy.Tests.SubmitOrderTest"/>
      </group> <!-- purchase -->
    </groups>
    <test started-at="2024-03-23T23:38:10 IST" name="ErrorValidation Test" finished-at="2024-03-23T23:38:10 IST" duration-ms="52">
    </test> <!-- ErrorValidation Test -->
    <test started-at="2024-03-23T23:38:10 IST" name="SubmitOrder Test" finished-at="2024-03-23T23:38:40 IST" duration-ms="30582">
      <class name="RahulShettyAcademy.Tests.SubmitOrderTest">
        <test-method is-config="true" signature="launchApplication()[pri:0, instance:RahulShettyAcademy.Tests.SubmitOrderTest@2f67a4d3]" started-at="2024-03-23T23:38:10 IST" name="launchApplication" finished-at="2024-03-23T23:38:22 IST" duration-ms="12064" status="PASS">
          <reporter-output>
          </reporter-output>
        </test-method> <!-- launchApplication -->
        <test-method signature="submitOrder(java.util.HashMap)[pri:0, instance:RahulShettyAcademy.Tests.SubmitOrderTest@2f67a4d3]" started-at="2024-03-23T23:38:22 IST" name="submitOrder" data-provider="getData" finished-at="2024-03-23T23:38:26 IST" duration-ms="3858" status="PASS">
          <params>
            <param index="0">
              <value>
                <![CDATA[{password=Bhabani@123, product=ZARA COAT 3, email=Bhabani.sk.parida@gmail.com}]]>
              </value>
            </param>
          </params>
          <reporter-output>
          </reporter-output>
        </test-method> <!-- submitOrder -->
        <test-method is-config="true" signature="tearDown()[pri:0, instance:RahulShettyAcademy.Tests.SubmitOrderTest@2f67a4d3]" started-at="2024-03-23T23:38:26 IST" name="tearDown" finished-at="2024-03-23T23:38:27 IST" duration-ms="395" status="PASS">
          <reporter-output>
          </reporter-output>
        </test-method> <!-- tearDown -->
        <test-method is-config="true" signature="launchApplication()[pri:0, instance:RahulShettyAcademy.Tests.SubmitOrderTest@2f67a4d3]" started-at="2024-03-23T23:38:27 IST" name="launchApplication" finished-at="2024-03-23T23:38:36 IST" duration-ms="9293" status="PASS">
          <reporter-output>
          </reporter-output>
        </test-method> <!-- launchApplication -->
        <test-method signature="submitOrder(java.util.HashMap)[pri:0, instance:RahulShettyAcademy.Tests.SubmitOrderTest@2f67a4d3]" started-at="2024-03-23T23:38:36 IST" name="submitOrder" data-provider="getData" finished-at="2024-03-23T23:38:40 IST" duration-ms="3971" status="PASS">
          <params>
            <param index="0">
              <value>
                <![CDATA[{password=Prangya@123, product=IPHONE 13 PRO, email=kar.prangya123@gmail.com}]]>
              </value>
            </param>
          </params>
          <reporter-output>
          </reporter-output>
        </test-method> <!-- submitOrder -->
        <test-method is-config="true" signature="tearDown()[pri:0, instance:RahulShettyAcademy.Tests.SubmitOrderTest@2f67a4d3]" started-at="2024-03-23T23:38:40 IST" name="tearDown" finished-at="2024-03-23T23:38:40 IST" duration-ms="377" status="PASS">
          <reporter-output>
          </reporter-output>
        </test-method> <!-- tearDown -->
      </class> <!-- RahulShettyAcademy.Tests.SubmitOrderTest -->
    </test> <!-- SubmitOrder Test -->
  </suite> <!-- Suite -->
</testng-results>
